<?xml version="1.0" encoding="UTF-8"?>
<!-- Generated by org.testng.reporters.JUnitXMLReporter -->
<testsuite ignored="0" hostname="DESKTOP-F8GGD3E" failures="0" tests="4" name="Default test" time="26.915" errors="0" timestamp="2021-12-15T14:13:43 IST">
  <testcase classname="project.TestLogin" name="test_login" time="4.554"/>
  <testcase classname="project.TestLogin" name="test_login" time="3.727"/>
  <testcase classname="project.TestLogin" name="test_login" time="3.8"/>
  <testcase classname="project.TestLogin" name="test_login" time="4.099"/>
</testsuite> <!-- Default test -->
