<?xml version="1.0" encoding="UTF-8"?>
<testng-results ignored="0" total="4" passed="4" failed="0" skipped="0">
  <reporter-output>
  </reporter-output>
  <suite started-at="2021-12-15T14:13:16 IST" name="Default suite" finished-at="2021-12-15T14:13:43 IST" duration-ms="26915">
    <groups>
    </groups>
    <test started-at="2021-12-15T14:13:16 IST" name="Default test" finished-at="2021-12-15T14:13:43 IST" duration-ms="26915">
      <class name="project.TestLogin">
        <test-method is-config="true" signature="setUp()[pri:0, instance:project.TestLogin@33990a0c]" started-at="2021-12-15T14:13:16 IST" name="setUp" finished-at="2021-12-15T14:13:19 IST" duration-ms="2537" status="PASS">
          <reporter-output>
          </reporter-output>
        </test-method> <!-- setUp -->
        <test-method signature="test_login(dataDriven.User)[pri:0, instance:project.TestLogin@33990a0c]" started-at="2021-12-15T14:13:19 IST" name="test_login" data-provider="users_data_driven" finished-at="2021-12-15T14:13:24 IST" duration-ms="4554" status="PASS">
          <params>
            <param index="0">
              <value>
                <![CDATA[User [username=Dvir, password=1234]]]>
              </value>
            </param>
          </params>
          <reporter-output>
          </reporter-output>
        </test-method> <!-- test_login -->
        <test-method is-config="true" signature="tearDown()[pri:0, instance:project.TestLogin@33990a0c]" started-at="2021-12-15T14:13:24 IST" name="tearDown" finished-at="2021-12-15T14:13:24 IST" duration-ms="777" status="PASS">
          <reporter-output>
          </reporter-output>
        </test-method> <!-- tearDown -->
        <test-method is-config="true" signature="setUp()[pri:0, instance:project.TestLogin@33990a0c]" started-at="2021-12-15T14:13:24 IST" name="setUp" finished-at="2021-12-15T14:13:26 IST" duration-ms="1615" status="PASS">
          <reporter-output>
          </reporter-output>
        </test-method> <!-- setUp -->
        <test-method signature="test_login(dataDriven.User)[pri:0, instance:project.TestLogin@33990a0c]" started-at="2021-12-15T14:13:26 IST" name="test_login" data-provider="users_data_driven" finished-at="2021-12-15T14:13:30 IST" duration-ms="3727" status="PASS">
          <params>
            <param index="0">
              <value>
                <![CDATA[User [username=Amiti, password=2345]]]>
              </value>
            </param>
          </params>
          <reporter-output>
          </reporter-output>
        </test-method> <!-- test_login -->
        <test-method is-config="true" signature="tearDown()[pri:0, instance:project.TestLogin@33990a0c]" started-at="2021-12-15T14:13:30 IST" name="tearDown" finished-at="2021-12-15T14:13:30 IST" duration-ms="725" status="PASS">
          <reporter-output>
          </reporter-output>
        </test-method> <!-- tearDown -->
        <test-method is-config="true" signature="setUp()[pri:0, instance:project.TestLogin@33990a0c]" started-at="2021-12-15T14:13:30 IST" name="setUp" finished-at="2021-12-15T14:13:32 IST" duration-ms="1668" status="PASS">
          <reporter-output>
          </reporter-output>
        </test-method> <!-- setUp -->
        <test-method signature="test_login(dataDriven.User)[pri:0, instance:project.TestLogin@33990a0c]" started-at="2021-12-15T14:13:32 IST" name="test_login" data-provider="users_data_driven" finished-at="2021-12-15T14:13:36 IST" duration-ms="3800" status="PASS">
          <params>
            <param index="0">
              <value>
                <![CDATA[User [username=alfa, password=1234567]]]>
              </value>
            </param>
          </params>
          <reporter-output>
          </reporter-output>
        </test-method> <!-- test_login -->
        <test-method is-config="true" signature="tearDown()[pri:0, instance:project.TestLogin@33990a0c]" started-at="2021-12-15T14:13:36 IST" name="tearDown" finished-at="2021-12-15T14:13:37 IST" duration-ms="782" status="PASS">
          <reporter-output>
          </reporter-output>
        </test-method> <!-- tearDown -->
        <test-method is-config="true" signature="setUp()[pri:0, instance:project.TestLogin@33990a0c]" started-at="2021-12-15T14:13:37 IST" name="setUp" finished-at="2021-12-15T14:13:38 IST" duration-ms="1590" status="PASS">
          <reporter-output>
          </reporter-output>
        </test-method> <!-- setUp -->
        <test-method signature="test_login(dataDriven.User)[pri:0, instance:project.TestLogin@33990a0c]" started-at="2021-12-15T14:13:38 IST" name="test_login" data-provider="users_data_driven" finished-at="2021-12-15T14:13:42 IST" duration-ms="4099" status="PASS">
          <params>
            <param index="0">
              <value>
                <![CDATA[User [username=betaa, password=234589]]]>
              </value>
            </param>
          </params>
          <reporter-output>
          </reporter-output>
        </test-method> <!-- test_login -->
        <test-method is-config="true" signature="tearDown()[pri:0, instance:project.TestLogin@33990a0c]" started-at="2021-12-15T14:13:42 IST" name="tearDown" finished-at="2021-12-15T14:13:43 IST" duration-ms="715" status="PASS">
          <reporter-output>
          </reporter-output>
        </test-method> <!-- tearDown -->
      </class> <!-- project.TestLogin -->
    </test> <!-- Default test -->
  </suite> <!-- Default suite -->
</testng-results>
